\BOOKMARK [1][-]{Doc-Start}{RESUMEN}{}% 1
\BOOKMARK [1][-]{Item.7}{PALABRAS CLAVE}{}% 2
\BOOKMARK [1][-]{section.1}{DIRECCI\323N DE LA PASANT\315A}{}% 3
\BOOKMARK [2][-]{subsection.1.1}{C\311SAR ANDREY PERDOMO CHARRY}{section.1}% 4
\BOOKMARK [1][-]{section.2}{PROBLEMA DEL ENTORNO ACAD\311MICO}{}% 5
\BOOKMARK [1][-]{section.2}{PROBLEMA DEL ENTORNO ACAD\311MICO}{}% 6
\BOOKMARK [2][-]{subsection.2.1}{PLANTEAMIENTO DEL PROBLEMA}{section.2}% 7
\BOOKMARK [2][-]{subsection.2.2}{FORMULACI\323N DE PREGUNTA COMO SOLUCI\323N PROPUESTA}{section.2}% 8
\BOOKMARK [2][-]{subsection.2.3}{SISTEMATIZACI\323N DEL PROBLEMA}{section.2}% 9
\BOOKMARK [1][-]{section.3}{OBJETIVOS}{}% 10
\BOOKMARK [2][-]{subsection.3.1}{OBJETIVO GENERAL}{section.3}% 11
\BOOKMARK [2][-]{subsection.3.2}{OBJETIVOS ESPEC\315FICOS}{section.3}% 12
\BOOKMARK [1][-]{section.4}{MARCO DE REFERENCIA}{}% 13
\BOOKMARK [2][-]{subsection.4.1}{MARCO TE\323RICO}{section.4}% 14
\BOOKMARK [3][-]{subsubsection.4.1.1}{Algoritmo}{subsection.4.1}% 15
\BOOKMARK [3][-]{subsubsection.4.1.2}{Python}{subsection.4.1}% 16
\BOOKMARK [3][-]{subsubsection.4.1.3}{R}{subsection.4.1}% 17
\BOOKMARK [3][-]{subsubsection.4.1.4}{Estad\355stica Descriptiva}{subsection.4.1}% 18
\BOOKMARK [3][-]{subsubsection.4.1.5}{M\363delo de Regresi\363n lineal}{subsection.4.1}% 19
\BOOKMARK [3][-]{subsubsection.4.1.6}{Aprendizaje Supervisado}{subsection.4.1}% 20
\BOOKMARK [3][-]{subsubsection.4.1.7}{Aprendizaje No Supervisado}{subsection.4.1}% 21
\BOOKMARK [3][-]{subsubsection.4.1.8}{Redes Neuronales}{subsection.4.1}% 22
\BOOKMARK [3][-]{subsubsection.4.1.9}{Redes Neuronales Convolucionales}{subsection.4.1}% 23
\BOOKMARK [2][-]{subsection.4.2}{MARCO TEMPORAL}{section.4}% 24
\BOOKMARK [1][-]{section.5}{METODOLOG\315A}{}% 25
\BOOKMARK [1][-]{section.6}{IMPACTO Y RESULTADOS ESPERADOS}{}% 26
\BOOKMARK [1][-]{section.7}{CRONOGRAMA}{}% 27
\BOOKMARK [1][-]{figure.caption.2}{REFERENCIAS}{}% 28
